<?xml version="1.0" encoding="UTF-8"?>
<robot generator="Robot 5.0 (Python 3.10.5 on win32)" generated="20220715 15:39:30.712" rpa="false" schemaversion="3">
<suite id="s1" name="ResourceLogin" source="C:\qaninja\robot\hello\web\tests\AutomatizaçãoTest\SignUp\ResourceLogin.robot">
<test id="s1-t1" name="Caso numero 01:" line="6">
<kw name="Acessar pagina da plataforma HerMoney" library="Login_FluxoFeliz">
<kw name="Open Browser" library="SeleniumLibrary">
<arg>url=${URL}</arg>
<arg>browser=${BROWSER}</arg>
<doc>Opens a new browser instance to the optional ``url``.</doc>
<msg timestamp="20220715 15:39:30.993" level="INFO">Opening browser 'chrome' to base url 'https://app.hermoney.com.br/login'.</msg>
<status status="PASS" starttime="20220715 15:39:30.993" endtime="20220715 15:39:34.574"/>
</kw>
<kw name="Maximize Browser Window" library="SeleniumLibrary">
<doc>Maximizes current browser window.</doc>
<status status="PASS" starttime="20220715 15:39:34.576" endtime="20220715 15:39:34.732"/>
</kw>
<status status="PASS" starttime="20220715 15:39:30.992" endtime="20220715 15:39:34.732"/>
</kw>
<status status="PASS" starttime="20220715 15:39:30.992" endtime="20220715 15:39:34.734"/>
</test>
<test id="s1-t2" name="Caso numero 02:" line="9">
<kw name="Realizar Login Fluxo Happy Day" library="Login_FluxoFeliz">
<kw name="Wait Until Page Contains Element" library="SeleniumLibrary">
<arg>${User}</arg>
<doc>Waits until the element ``locator`` appears on the current page.</doc>
<status status="PASS" starttime="20220715 15:39:34.738" endtime="20220715 15:39:34.764"/>
</kw>
<kw name="Click Element" library="SeleniumLibrary">
<arg>${User}</arg>
<doc>Click the element identified by ``locator``.</doc>
<msg timestamp="20220715 15:39:34.765" level="INFO">Clicking element 'id:email'.</msg>
<status status="PASS" starttime="20220715 15:39:34.764" endtime="20220715 15:39:34.902"/>
</kw>
<kw name="Input Text" library="SeleniumLibrary">
<arg>${User}</arg>
<arg>caroline.cavalcante16@gmail.com</arg>
<doc>Types the given ``text`` into the text field identified by ``locator``.</doc>
<msg timestamp="20220715 15:39:34.903" level="INFO">Typing text 'caroline.cavalcante16@gmail.com' into text field 'id:email'.</msg>
<status status="PASS" starttime="20220715 15:39:34.902" endtime="20220715 15:39:35.152"/>
</kw>
<kw name="Click Element" library="SeleniumLibrary">
<arg>${password}</arg>
<doc>Click the element identified by ``locator``.</doc>
<msg timestamp="20220715 15:39:35.153" level="INFO">Clicking element 'id:password'.</msg>
<status status="PASS" starttime="20220715 15:39:35.153" endtime="20220715 15:39:35.233"/>
</kw>
<kw name="Input Text" library="SeleniumLibrary">
<arg>${password}</arg>
<arg>Hermoney2$</arg>
<doc>Types the given ``text`` into the text field identified by ``locator``.</doc>
<msg timestamp="20220715 15:39:35.235" level="INFO">Typing text 'Hermoney2$' into text field 'id:password'.</msg>
<status status="PASS" starttime="20220715 15:39:35.233" endtime="20220715 15:39:35.333"/>
</kw>
<kw name="Click Button" library="SeleniumLibrary">
<arg>${buttonContinuar1}</arg>
<doc>Clicks the button identified by ``locator``.</doc>
<msg timestamp="20220715 15:39:35.333" level="INFO">Clicking button 'id:btn_continuar'.</msg>
<status status="PASS" starttime="20220715 15:39:35.333" endtime="20220715 15:39:35.421"/>
</kw>
<kw name="Sleep" library="BuiltIn">
<arg>1</arg>
<doc>Pauses the test executed for the given time.</doc>
<msg timestamp="20220715 15:39:36.424" level="INFO">Slept 1 second</msg>
<status status="PASS" starttime="20220715 15:39:35.421" endtime="20220715 15:39:36.424"/>
</kw>
<kw name="Capture Page Screenshot" library="SeleniumLibrary">
<doc>Takes a screenshot of the current page and embeds it into a log file.</doc>
<msg timestamp="20220715 15:39:36.614" level="INFO" html="true">&lt;/td&gt;&lt;/tr&gt;&lt;tr&gt;&lt;td colspan="3"&gt;&lt;a href="selenium-screenshot-15.png"&gt;&lt;img src="selenium-screenshot-15.png" width="800px"&gt;&lt;/a&gt;</msg>
<status status="PASS" starttime="20220715 15:39:36.424" endtime="20220715 15:39:36.614"/>
</kw>
<status status="PASS" starttime="20220715 15:39:34.737" endtime="20220715 15:39:36.614"/>
</kw>
<status status="PASS" starttime="20220715 15:39:34.737" endtime="20220715 15:39:36.615"/>
</test>
<status status="PASS" starttime="20220715 15:39:30.714" endtime="20220715 15:39:36.619"/>
</suite>
<statistics>
<total>
<stat pass="2" fail="0" skip="0">All Tests</stat>
</total>
<tag>
</tag>
<suite>
<stat pass="2" fail="0" skip="0" id="s1" name="ResourceLogin">ResourceLogin</stat>
</suite>
</statistics>
<errors>
</errors>
</robot>
